# JRE version: Java(TM) SE Runtime Environment (8.0_161-b12) (build 1.8.0_161-b12)
# Java VM: Java HotSpot(TM) 64-Bit Server VM (25.161-b12 mixed mode windows-amd64 compressed oops)
Heap:
 PSYoungGen      total 308224K, used 98094K [0x00000000eab00000, 0x0000000100000000, 0x0000000100000000)
  eden space 282624K, 25% used [0x00000000eab00000,0x00000000ef1e5188,0x00000000fbf00000)
  from space 25600K, 99% used [0x00000000fbf00000,0x00000000fd7e6760,0x00000000fd800000)
  to   space 33792K, 0% used [0x00000000fdf00000,0x00000000fdf00000,0x0000000100000000)
 ParOldGen       total 232960K, used 161464K [0x00000000c0000000, 0x00000000ce380000, 0x00000000eab00000)
  object space 232960K, 69% used [0x00000000c0000000,0x00000000c9dae0f0,0x00000000ce380000)
 Metaspace       used 140482K, capacity 155514K, committed 155992K, reserved 1183744K
  class space    used 16633K, capacity 20946K, committed 21120K, reserved 1048576K
GC Heap History (10 events):
Event: 19048.495 GC heap before
{Heap before GC invocations=370 (full 7):
 PSYoungGen      total 314368K, used 297978K [0x00000000eab00000, 0x00000000ffd80000, 0x0000000100000000)
  eden space 281600K, 100% used [0x00000000eab00000,0x00000000fbe00000,0x00000000fbe00000)
  from space 32768K, 49% used [0x00000000fdd80000,0x00000000fed7e818,0x00000000ffd80000)
  to   space 32256K, 0% used [0x00000000fbe00000,0x00000000fbe00000,0x00000000fdd80000)
 ParOldGen       total 232960K, used 159770K [0x00000000c0000000, 0x00000000ce380000, 0x00000000eab00000)
  object space 232960K, 68% used [0x00000000c0000000,0x00000000c9c068e0,0x00000000ce380000)
 Metaspace       used 139943K, capacity 154838K, committed 155224K, reserved 1183744K
  class space    used 16507K, capacity 20772K, committed 20864K, reserved 1048576K
Event: 19048.514 GC heap after
Heap after GC invocations=370 (full 7):
 PSYoungGen      total 313856K, used 19825K [0x00000000eab00000, 0x00000000ffd80000, 0x0000000100000000)
  eden space 281600K, 0% used [0x00000000eab00000,0x00000000eab00000,0x00000000fbe00000)
  from space 32256K, 61% used [0x00000000fbe00000,0x00000000fd15c798,0x00000000fdd80000)
  to   space 31232K, 0% used [0x00000000fdf00000,0x00000000fdf00000,0x00000000ffd80000)
 ParOldGen       total 232960K, used 160782K [0x00000000c0000000, 0x00000000ce380000, 0x00000000eab00000)
  object space 232960K, 69% used [0x00000000c0000000,0x00000000c9d039f8,0x00000000ce380000)
 Metaspace       used 139943K, capacity 154838K, committed 155224K, reserved 1183744K
  class space    used 16507K, capacity 20772K, committed 20864K, reserved 1048576K
}
Event: 59629.443 GC heap before
{Heap before GC invocations=371 (full 7):
 PSYoungGen      total 313856K, used 301425K [0x00000000eab00000, 0x00000000ffd80000, 0x0000000100000000)
  eden space 281600K, 100% used [0x00000000eab00000,0x00000000fbe00000,0x00000000fbe00000)
  from space 32256K, 61% used [0x00000000fbe00000,0x00000000fd15c798,0x00000000fdd80000)
  to   space 31232K, 0% used [0x00000000fdf00000,0x00000000fdf00000,0x00000000ffd80000)
 ParOldGen       total 232960K, used 160782K [0x00000000c0000000, 0x00000000ce380000, 0x00000000eab00000)
  object space 232960K, 69% used [0x00000000c0000000,0x00000000c9d039f8,0x00000000ce380000)
 Metaspace       used 140461K, capacity 155444K, committed 155992K, reserved 1183744K
  class space    used 16631K, capacity 20945K, committed 21120K, reserved 1048576K
Event: 59629.474 GC heap after
Heap after GC invocations=371 (full 7):
 PSYoungGen      total 315392K, used 23406K [0x00000000eab00000, 0x00000000ffe80000, 0x0000000100000000)
  eden space 284160K, 0% used [0x00000000eab00000,0x00000000eab00000,0x00000000fc080000)
  from space 31232K, 74% used [0x00000000fdf00000,0x00000000ff5dbae8,0x00000000ffd80000)
  to   space 31232K, 0% used [0x00000000fc080000,0x00000000fc080000,0x00000000fdf00000)
 ParOldGen       total 232960K, used 160958K [0x00000000c0000000, 0x00000000ce380000, 0x00000000eab00000)
  object space 232960K, 69% used [0x00000000c0000000,0x00000000c9d2f9f8,0x00000000ce380000)
 Metaspace       used 140461K, capacity 155444K, committed 155992K, reserved 1183744K
  class space    used 16631K, capacity 20945K, committed 21120K, reserved 1048576K
}
Event: 59804.907 GC heap before
{Heap before GC invocations=372 (full 7):
 PSYoungGen      total 315392K, used 307566K [0x00000000eab00000, 0x00000000ffe80000, 0x0000000100000000)
  eden space 284160K, 100% used [0x00000000eab00000,0x00000000fc080000,0x00000000fc080000)
  from space 31232K, 74% used [0x00000000fdf00000,0x00000000ff5dbae8,0x00000000ffd80000)
  to   space 31232K, 0% used [0x00000000fc080000,0x00000000fc080000,0x00000000fdf00000)
 ParOldGen       total 232960K, used 160958K [0x00000000c0000000, 0x00000000ce380000, 0x00000000eab00000)
  object space 232960K, 69% used [0x00000000c0000000,0x00000000c9d2f9f8,0x00000000ce380000)
 Metaspace       used 140471K, capacity 155514K, committed 155992K, reserved 1183744K
  class space    used 16633K, capacity 20946K, committed 21120K, reserved 1048576K
Event: 59804.952 GC heap after
Heap after GC invocations=372 (full 7):
 PSYoungGen      total 315392K, used 27356K [0x00000000eab00000, 0x0000000100000000, 0x0000000100000000)
  eden space 284160K, 0% used [0x00000000eab00000,0x00000000eab00000,0x00000000fc080000)
  from space 31232K, 87% used [0x00000000fc080000,0x00000000fdb37260,0x00000000fdf00000)
  to   space 32768K, 0% used [0x00000000fe000000,0x00000000fe000000,0x0000000100000000)
 ParOldGen       total 232960K, used 161328K [0x00000000c0000000, 0x00000000ce380000, 0x00000000eab00000)
  object space 232960K, 69% used [0x00000000c0000000,0x00000000c9d8c0f0,0x00000000ce380000)
 Metaspace       used 140471K, capacity 155514K, committed 155992K, reserved 1183744K
  class space    used 16633K, capacity 20946K, committed 21120K, reserved 1048576K
}
Event: 61339.296 GC heap before
{Heap before GC invocations=373 (full 7):
 PSYoungGen      total 315392K, used 311516K [0x00000000eab00000, 0x0000000100000000, 0x0000000100000000)
  eden space 284160K, 100% used [0x00000000eab00000,0x00000000fc080000,0x00000000fc080000)
  from space 31232K, 87% used [0x00000000fc080000,0x00000000fdb37260,0x00000000fdf00000)
  to   space 32768K, 0% used [0x00000000fe000000,0x00000000fe000000,0x0000000100000000)
 ParOldGen       total 232960K, used 161328K [0x00000000c0000000, 0x00000000ce380000, 0x00000000eab00000)
  object space 232960K, 69% used [0x00000000c0000000,0x00000000c9d8c0f0,0x00000000ce380000)
 Metaspace       used 140472K, capacity 155514K, committed 155992K, reserved 1183744K
  class space    used 16633K, capacity 20946K, committed 21120K, reserved 1048576K
Event: 61339.339 GC heap after
Heap after GC invocations=373 (full 7):
 PSYoungGen      total 315392K, used 25067K [0x00000000eab00000, 0x0000000100000000, 0x0000000100000000)
  eden space 282624K, 0% used [0x00000000eab00000,0x00000000eab00000,0x00000000fbf00000)
  from space 32768K, 76% used [0x00000000fe000000,0x00000000ff87aef0,0x0000000100000000)
  to   space 33280K, 0% used [0x00000000fbf00000,0x00000000fbf00000,0x00000000fdf80000)
 ParOldGen       total 232960K, used 161392K [0x00000000c0000000, 0x00000000ce380000, 0x00000000eab00000)
  object space 232960K, 69% used [0x00000000c0000000,0x00000000c9d9c0f0,0x00000000ce380000)
 Metaspace       used 140472K, capacity 155514K, committed 155992K, reserved 1183744K
  class space    used 16633K, capacity 20946K, committed 21120K, reserved 1048576K
}
Event: 66034.131 GC heap before
{Heap before GC invocations=374 (full 7):
 PSYoungGen      total 315392K, used 307691K [0x00000000eab00000, 0x0000000100000000, 0x0000000100000000)
  eden space 282624K, 100% used [0x00000000eab00000,0x00000000fbf00000,0x00000000fbf00000)
  from space 32768K, 76% used [0x00000000fe000000,0x00000000ff87aef0,0x0000000100000000)
  to   space 33280K, 0% used [0x00000000fbf00000,0x00000000fbf00000,0x00000000fdf80000)
 ParOldGen       total 232960K, used 161392K [0x00000000c0000000, 0x00000000ce380000, 0x00000000eab00000)
  object space 232960K, 69% used [0x00000000c0000000,0x00000000c9d9c0f0,0x00000000ce380000)
 Metaspace       used 140482K, capacity 155514K, committed 155992K, reserved 1183744K
  class space    used 16633K, capacity 20946K, committed 21120K, reserved 1048576K
Event: 66034.269 GC heap after
Heap after GC invocations=374 (full 7):
 PSYoungGen      total 308224K, used 25497K [0x00000000eab00000, 0x0000000100000000, 0x0000000100000000)
  eden space 282624K, 0% used [0x00000000eab00000,0x00000000eab00000,0x00000000fbf00000)
  from space 25600K, 99% used [0x00000000fbf00000,0x00000000fd7e6760,0x00000000fd800000)
  to   space 33792K, 0% used [0x00000000fdf00000,0x00000000fdf00000,0x0000000100000000)
 ParOldGen       total 232960K, used 161464K [0x00000000c0000000, 0x00000000ce380000, 0x00000000eab00000)
  object space 232960K, 69% used [0x00000000c0000000,0x00000000c9dae0f0,0x00000000ce380000)
 Metaspace       used 140482K, capacity 155514K, committed 155992K, reserved 1183744K
  class space    used 16633K, capacity 20946K, committed 21120K, reserved 1048576K
}

